[0.009s] Invoking command in '/home/rajitha-niroshan/FYP/Repos/Bumperbot-ros2/bumperbot_ws/build/bumperbot_description': CMAKE_PREFIX_PATH=${CMAKE_PREFIX_PATH}:/opt/ros/jazzy DEBUGINFOD_URLS=https://debuginfod.ubuntu.com /usr/bin/cmake /home/rajitha-niroshan/FYP/Repos/Bumperbot-ros2/bumperbot_ws/src/bumperbot_description -DCMAKE_INSTALL_PREFIX=/home/rajitha-niroshan/FYP/Repos/Bumperbot-ros2/bumperbot_ws/install/bumperbot_description
[0.052s] -- The C compiler identification is GNU 13.3.0
[0.094s] -- The CXX compiler identification is GNU 13.3.0
[0.109s] -- Detecting C compiler ABI info
[0.172s] -- Detecting C compiler ABI info - done
[0.185s] -- Check for working C compiler: /usr/bin/cc - skipped
[0.185s] -- Detecting C compile features
[0.185s] -- Detecting C compile features - done
[0.192s] -- Detecting CXX compiler ABI info
[0.272s] -- Detecting CXX compiler ABI info - done
[0.284s] -- Check for working CXX compiler: /usr/bin/c++ - skipped
[0.285s] -- Detecting CXX compile features
[0.285s] -- Detecting CXX compile features - done
[0.290s] -- Found ament_cmake: 2.5.4 (/opt/ros/jazzy/share/ament_cmake/cmake)
[0.405s] -- Found Python3: /usr/bin/python3 (found version "3.12.3") found components: Interpreter 
[0.504s] -- Found ament_lint_auto: 0.17.3 (/opt/ros/jazzy/share/ament_lint_auto/cmake)
[0.589s] -- Added test 'flake8' to check Python code syntax and style conventions
[0.589s] -- Configured 'flake8' exclude dirs and/or files: 
[0.589s] -- Added test 'lint_cmake' to check CMake code style
[0.590s] -- Added test 'pep257' to check Python code against some of the docstring style conventions in PEP 257
[0.592s] -- Added test 'xmllint' to check XML markup files
[0.594s] -- Configuring done (0.6s)
[0.597s] -- Generating done (0.0s)
[0.599s] -- Build files have been written to: /home/rajitha-niroshan/FYP/Repos/Bumperbot-ros2/bumperbot_ws/build/bumperbot_description
[0.604s] Invoked command in '/home/rajitha-niroshan/FYP/Repos/Bumperbot-ros2/bumperbot_ws/build/bumperbot_description' returned '0': CMAKE_PREFIX_PATH=${CMAKE_PREFIX_PATH}:/opt/ros/jazzy DEBUGINFOD_URLS=https://debuginfod.ubuntu.com /usr/bin/cmake /home/rajitha-niroshan/FYP/Repos/Bumperbot-ros2/bumperbot_ws/src/bumperbot_description -DCMAKE_INSTALL_PREFIX=/home/rajitha-niroshan/FYP/Repos/Bumperbot-ros2/bumperbot_ws/install/bumperbot_description
[0.605s] Invoking command in '/home/rajitha-niroshan/FYP/Repos/Bumperbot-ros2/bumperbot_ws/build/bumperbot_description': CMAKE_PREFIX_PATH=${CMAKE_PREFIX_PATH}:/opt/ros/jazzy DEBUGINFOD_URLS=https://debuginfod.ubuntu.com /usr/bin/cmake --build /home/rajitha-niroshan/FYP/Repos/Bumperbot-ros2/bumperbot_ws/build/bumperbot_description -- -j8 -l8
[0.638s] Invoked command in '/home/rajitha-niroshan/FYP/Repos/Bumperbot-ros2/bumperbot_ws/build/bumperbot_description' returned '0': CMAKE_PREFIX_PATH=${CMAKE_PREFIX_PATH}:/opt/ros/jazzy DEBUGINFOD_URLS=https://debuginfod.ubuntu.com /usr/bin/cmake --build /home/rajitha-niroshan/FYP/Repos/Bumperbot-ros2/bumperbot_ws/build/bumperbot_description -- -j8 -l8
[0.639s] Invoking command in '/home/rajitha-niroshan/FYP/Repos/Bumperbot-ros2/bumperbot_ws/build/bumperbot_description': CMAKE_PREFIX_PATH=${CMAKE_PREFIX_PATH}:/opt/ros/jazzy DEBUGINFOD_URLS=https://debuginfod.ubuntu.com /usr/bin/cmake --install /home/rajitha-niroshan/FYP/Repos/Bumperbot-ros2/bumperbot_ws/build/bumperbot_description
[0.644s] -- Install configuration: ""
[0.644s] -- Installing: /home/rajitha-niroshan/FYP/Repos/Bumperbot-ros2/bumperbot_ws/install/bumperbot_description/share/bumperbot_description/meshes
[0.644s] -- Installing: /home/rajitha-niroshan/FYP/Repos/Bumperbot-ros2/bumperbot_ws/install/bumperbot_description/share/bumperbot_description/meshes/imu_link.STL
[0.645s] -- Installing: /home/rajitha-niroshan/FYP/Repos/Bumperbot-ros2/bumperbot_ws/install/bumperbot_description/share/bumperbot_description/meshes/wheel_right_link.STL
[0.645s] -- Installing: /home/rajitha-niroshan/FYP/Repos/Bumperbot-ros2/bumperbot_ws/install/bumperbot_description/share/bumperbot_description/meshes/base_link.STL
[0.654s] -- Installing: /home/rajitha-niroshan/FYP/Repos/Bumperbot-ros2/bumperbot_ws/install/bumperbot_description/share/bumperbot_description/meshes/caster_rear_link.STL
[0.655s] -- Installing: /home/rajitha-niroshan/FYP/Repos/Bumperbot-ros2/bumperbot_ws/install/bumperbot_description/share/bumperbot_description/meshes/wheel_left_link.STL
[0.655s] -- Installing: /home/rajitha-niroshan/FYP/Repos/Bumperbot-ros2/bumperbot_ws/install/bumperbot_description/share/bumperbot_description/meshes/caster_front_link.STL
[0.656s] -- Installing: /home/rajitha-niroshan/FYP/Repos/Bumperbot-ros2/bumperbot_ws/install/bumperbot_description/share/bumperbot_description/meshes/can.STL
[0.656s] -- Installing: /home/rajitha-niroshan/FYP/Repos/Bumperbot-ros2/bumperbot_ws/install/bumperbot_description/share/bumperbot_description/urdf
[0.656s] -- Installing: /home/rajitha-niroshan/FYP/Repos/Bumperbot-ros2/bumperbot_ws/install/bumperbot_description/share/bumperbot_description/urdf/bumperbot.urdf.xacro
[0.656s] -- Installing: /home/rajitha-niroshan/FYP/Repos/Bumperbot-ros2/bumperbot_ws/install/bumperbot_description/share/bumperbot_description/launch
[0.656s] -- Installing: /home/rajitha-niroshan/FYP/Repos/Bumperbot-ros2/bumperbot_ws/install/bumperbot_description/share/bumperbot_description/launch/display.launch.py
[0.656s] -- Installing: /home/rajitha-niroshan/FYP/Repos/Bumperbot-ros2/bumperbot_ws/install/bumperbot_description/share/bumperbot_description/rviz
[0.656s] -- Installing: /home/rajitha-niroshan/FYP/Repos/Bumperbot-ros2/bumperbot_ws/install/bumperbot_description/share/bumperbot_description/rviz/display.rviz
[0.656s] -- Installing: /home/rajitha-niroshan/FYP/Repos/Bumperbot-ros2/bumperbot_ws/install/bumperbot_description/share/ament_index/resource_index/package_run_dependencies/bumperbot_description
[0.657s] -- Installing: /home/rajitha-niroshan/FYP/Repos/Bumperbot-ros2/bumperbot_ws/install/bumperbot_description/share/ament_index/resource_index/parent_prefix_path/bumperbot_description
[0.657s] -- Installing: /home/rajitha-niroshan/FYP/Repos/Bumperbot-ros2/bumperbot_ws/install/bumperbot_description/share/bumperbot_description/environment/ament_prefix_path.sh
[0.657s] -- Installing: /home/rajitha-niroshan/FYP/Repos/Bumperbot-ros2/bumperbot_ws/install/bumperbot_description/share/bumperbot_description/environment/ament_prefix_path.dsv
[0.657s] -- Installing: /home/rajitha-niroshan/FYP/Repos/Bumperbot-ros2/bumperbot_ws/install/bumperbot_description/share/bumperbot_description/environment/path.sh
[0.657s] -- Installing: /home/rajitha-niroshan/FYP/Repos/Bumperbot-ros2/bumperbot_ws/install/bumperbot_description/share/bumperbot_description/environment/path.dsv
[0.657s] -- Installing: /home/rajitha-niroshan/FYP/Repos/Bumperbot-ros2/bumperbot_ws/install/bumperbot_description/share/bumperbot_description/local_setup.bash
[0.657s] -- Installing: /home/rajitha-niroshan/FYP/Repos/Bumperbot-ros2/bumperbot_ws/install/bumperbot_description/share/bumperbot_description/local_setup.sh
[0.657s] -- Installing: /home/rajitha-niroshan/FYP/Repos/Bumperbot-ros2/bumperbot_ws/install/bumperbot_description/share/bumperbot_description/local_setup.zsh
[0.657s] -- Installing: /home/rajitha-niroshan/FYP/Repos/Bumperbot-ros2/bumperbot_ws/install/bumperbot_description/share/bumperbot_description/local_setup.dsv
[0.657s] -- Installing: /home/rajitha-niroshan/FYP/Repos/Bumperbot-ros2/bumperbot_ws/install/bumperbot_description/share/bumperbot_description/package.dsv
[0.657s] -- Installing: /home/rajitha-niroshan/FYP/Repos/Bumperbot-ros2/bumperbot_ws/install/bumperbot_description/share/ament_index/resource_index/packages/bumperbot_description
[0.657s] -- Installing: /home/rajitha-niroshan/FYP/Repos/Bumperbot-ros2/bumperbot_ws/install/bumperbot_description/share/bumperbot_description/cmake/bumperbot_descriptionConfig.cmake
[0.657s] -- Installing: /home/rajitha-niroshan/FYP/Repos/Bumperbot-ros2/bumperbot_ws/install/bumperbot_description/share/bumperbot_description/cmake/bumperbot_descriptionConfig-version.cmake
[0.657s] -- Installing: /home/rajitha-niroshan/FYP/Repos/Bumperbot-ros2/bumperbot_ws/install/bumperbot_description/share/bumperbot_description/package.xml
[0.662s] Invoked command in '/home/rajitha-niroshan/FYP/Repos/Bumperbot-ros2/bumperbot_ws/build/bumperbot_description' returned '0': CMAKE_PREFIX_PATH=${CMAKE_PREFIX_PATH}:/opt/ros/jazzy DEBUGINFOD_URLS=https://debuginfod.ubuntu.com /usr/bin/cmake --install /home/rajitha-niroshan/FYP/Repos/Bumperbot-ros2/bumperbot_ws/build/bumperbot_description
