-- The C compiler identification is GNU 13.3.0
-- The CXX compiler identification is GNU 13.3.0
-- Detecting C compiler ABI info
-- Detecting C compiler ABI info - done
-- Check for working C compiler: /usr/bin/cc - skipped
-- Detecting C compile features
-- Detecting C compile features - done
-- Detecting CXX compiler ABI info
-- Detecting CXX compiler ABI info - done
-- Check for working CXX compiler: /usr/bin/c++ - skipped
-- Detecting CXX compile features
-- Detecting CXX compile features - done
-- Found ament_cmake: 2.5.3 (/opt/ros/jazzy/share/ament_cmake/cmake)
-- Found Python3: /usr/bin/python3 (found version "3.12.3") found components: Interpreter 
-- Found ament_lint_auto: 0.17.1 (/opt/ros/jazzy/share/ament_lint_auto/cmake)
-- Added test 'lint_cmake' to check CMake code style
-- Added test 'xmllint' to check XML markup files
-- Configuring done (4.7s)
-- Generating done (0.0s)
-- Build files have been written to: /home/admin/bumperbot_ws/build/bumperbot_discription
-- Install configuration: ""
-- Installing: /home/admin/bumperbot_ws/install/bumperbot_discription/share/ament_index/resource_index/package_run_dependencies/bumperbot_discription
-- Installing: /home/admin/bumperbot_ws/install/bumperbot_discription/share/ament_index/resource_index/parent_prefix_path/bumperbot_discription
-- Installing: /home/admin/bumperbot_ws/install/bumperbot_discription/share/bumperbot_discription/environment/ament_prefix_path.sh
-- Installing: /home/admin/bumperbot_ws/install/bumperbot_discription/share/bumperbot_discription/environment/ament_prefix_path.dsv
-- Installing: /home/admin/bumperbot_ws/install/bumperbot_discription/share/bumperbot_discription/environment/path.sh
-- Installing: /home/admin/bumperbot_ws/install/bumperbot_discription/share/bumperbot_discription/environment/path.dsv
-- Installing: /home/admin/bumperbot_ws/install/bumperbot_discription/share/bumperbot_discription/local_setup.bash
-- Installing: /home/admin/bumperbot_ws/install/bumperbot_discription/share/bumperbot_discription/local_setup.sh
-- Installing: /home/admin/bumperbot_ws/install/bumperbot_discription/share/bumperbot_discription/local_setup.zsh
-- Installing: /home/admin/bumperbot_ws/install/bumperbot_discription/share/bumperbot_discription/local_setup.dsv
-- Installing: /home/admin/bumperbot_ws/install/bumperbot_discription/share/bumperbot_discription/package.dsv
-- Installing: /home/admin/bumperbot_ws/install/bumperbot_discription/share/ament_index/resource_index/packages/bumperbot_discription
-- Installing: /home/admin/bumperbot_ws/install/bumperbot_discription/share/bumperbot_discription/cmake/bumperbot_discriptionConfig.cmake
-- Installing: /home/admin/bumperbot_ws/install/bumperbot_discription/share/bumperbot_discription/cmake/bumperbot_discriptionConfig-version.cmake
-- Installing: /home/admin/bumperbot_ws/install/bumperbot_discription/share/bumperbot_discription/package.xml
