[0.085s] Invoking command in '/home/admin/bumperbot_ws/build/bumperbot_discription': CMAKE_PREFIX_PATH=${CMAKE_PREFIX_PATH}:/opt/ros/jazzy DEBUGINFOD_URLS=https://debuginfod.ubuntu.com /usr/bin/cmake /home/admin/bumperbot_ws/src/bumperbot_discription -DCMAKE_INSTALL_PREFIX=/home/admin/bumperbot_ws/install/bumperbot_discription
[1.400s] -- The C compiler identification is GNU 13.3.0
[1.900s] -- The CXX compiler identification is GNU 13.3.0
[2.031s] -- Detecting C compiler ABI info
[2.601s] -- Detecting C compiler ABI info - done
[2.643s] -- Check for working C compiler: /usr/bin/cc - skipped
[2.646s] -- Detecting C compile features
[2.649s] -- Detecting C compile features - done
[2.753s] -- Detecting CXX compiler ABI info
[3.224s] -- Detecting CXX compiler ABI info - done
[3.238s] -- Check for working CXX compiler: /usr/bin/c++ - skipped
[3.244s] -- Detecting CXX compile features
[3.244s] -- Detecting CXX compile features - done
[3.316s] -- Found ament_cmake: 2.5.3 (/opt/ros/jazzy/share/ament_cmake/cmake)
[4.027s] -- Found Python3: /usr/bin/python3 (found version "3.12.3") found components: Interpreter 
[4.601s] -- Found ament_lint_auto: 0.17.1 (/opt/ros/jazzy/share/ament_lint_auto/cmake)
[5.019s] -- Added test 'lint_cmake' to check CMake code style
[5.033s] -- Added test 'xmllint' to check XML markup files
[5.039s] -- Configuring done (4.7s)
[5.044s] -- Generating done (0.0s)
[5.045s] -- Build files have been written to: /home/admin/bumperbot_ws/build/bumperbot_discription
[5.086s] Invoked command in '/home/admin/bumperbot_ws/build/bumperbot_discription' returned '0': CMAKE_PREFIX_PATH=${CMAKE_PREFIX_PATH}:/opt/ros/jazzy DEBUGINFOD_URLS=https://debuginfod.ubuntu.com /usr/bin/cmake /home/admin/bumperbot_ws/src/bumperbot_discription -DCMAKE_INSTALL_PREFIX=/home/admin/bumperbot_ws/install/bumperbot_discription
[5.086s] Invoking command in '/home/admin/bumperbot_ws/build/bumperbot_discription': CMAKE_PREFIX_PATH=${CMAKE_PREFIX_PATH}:/opt/ros/jazzy DEBUGINFOD_URLS=https://debuginfod.ubuntu.com /usr/bin/cmake --build /home/admin/bumperbot_ws/build/bumperbot_discription -- -j3 -l3
[5.217s] Invoked command in '/home/admin/bumperbot_ws/build/bumperbot_discription' returned '0': CMAKE_PREFIX_PATH=${CMAKE_PREFIX_PATH}:/opt/ros/jazzy DEBUGINFOD_URLS=https://debuginfod.ubuntu.com /usr/bin/cmake --build /home/admin/bumperbot_ws/build/bumperbot_discription -- -j3 -l3
[5.218s] Invoking command in '/home/admin/bumperbot_ws/build/bumperbot_discription': CMAKE_PREFIX_PATH=${CMAKE_PREFIX_PATH}:/opt/ros/jazzy DEBUGINFOD_URLS=https://debuginfod.ubuntu.com /usr/bin/cmake --install /home/admin/bumperbot_ws/build/bumperbot_discription
[5.246s] -- Install configuration: ""
[5.261s] -- Installing: /home/admin/bumperbot_ws/install/bumperbot_discription/share/ament_index/resource_index/package_run_dependencies/bumperbot_discription
[5.261s] -- Installing: /home/admin/bumperbot_ws/install/bumperbot_discription/share/ament_index/resource_index/parent_prefix_path/bumperbot_discription
[5.261s] -- Installing: /home/admin/bumperbot_ws/install/bumperbot_discription/share/bumperbot_discription/environment/ament_prefix_path.sh
[5.261s] -- Installing: /home/admin/bumperbot_ws/install/bumperbot_discription/share/bumperbot_discription/environment/ament_prefix_path.dsv
[5.261s] -- Installing: /home/admin/bumperbot_ws/install/bumperbot_discription/share/bumperbot_discription/environment/path.sh
[5.261s] -- Installing: /home/admin/bumperbot_ws/install/bumperbot_discription/share/bumperbot_discription/environment/path.dsv
[5.262s] -- Installing: /home/admin/bumperbot_ws/install/bumperbot_discription/share/bumperbot_discription/local_setup.bash
[5.262s] -- Installing: /home/admin/bumperbot_ws/install/bumperbot_discription/share/bumperbot_discription/local_setup.sh
[5.262s] -- Installing: /home/admin/bumperbot_ws/install/bumperbot_discription/share/bumperbot_discription/local_setup.zsh
[5.262s] -- Installing: /home/admin/bumperbot_ws/install/bumperbot_discription/share/bumperbot_discription/local_setup.dsv
[5.262s] -- Installing: /home/admin/bumperbot_ws/install/bumperbot_discription/share/bumperbot_discription/package.dsv
[5.262s] -- Installing: /home/admin/bumperbot_ws/install/bumperbot_discription/share/ament_index/resource_index/packages/bumperbot_discription
[5.262s] -- Installing: /home/admin/bumperbot_ws/install/bumperbot_discription/share/bumperbot_discription/cmake/bumperbot_discriptionConfig.cmake
[5.262s] -- Installing: /home/admin/bumperbot_ws/install/bumperbot_discription/share/bumperbot_discription/cmake/bumperbot_discriptionConfig-version.cmake
[5.263s] -- Installing: /home/admin/bumperbot_ws/install/bumperbot_discription/share/bumperbot_discription/package.xml
[5.275s] Invoked command in '/home/admin/bumperbot_ws/build/bumperbot_discription' returned '0': CMAKE_PREFIX_PATH=${CMAKE_PREFIX_PATH}:/opt/ros/jazzy DEBUGINFOD_URLS=https://debuginfod.ubuntu.com /usr/bin/cmake --install /home/admin/bumperbot_ws/build/bumperbot_discription
