[1.690s] Invoking command in '/home/admin/bumperbot_ws/src/bumperbot_py_examples': DEBUGINFOD_URLS=https://debuginfod.ubuntu.com PYTHONPATH=/home/admin/bumperbot_ws/build/bumperbot_py_examples/prefix_override:/usr/lib/python3/dist-packages/colcon_core/task/python/colcon_distutils_commands:/home/admin/bumperbot_ws/install/bumperbot_py_examples/lib/python3.12/site-packages:${PYTHONPATH} /usr/bin/python3 -W ignore:setup.py install is deprecated -W ignore:easy_install command is deprecated setup.py egg_info --egg-base ../../build/bumperbot_py_examples build --build-base /home/admin/bumperbot_ws/build/bumperbot_py_examples/build install --record /home/admin/bumperbot_ws/build/bumperbot_py_examples/install.log --single-version-externally-managed install_data
[1.962s] running egg_info
[1.979s] writing ../../build/bumperbot_py_examples/bumperbot_py_examples.egg-info/PKG-INFO
[1.980s] writing dependency_links to ../../build/bumperbot_py_examples/bumperbot_py_examples.egg-info/dependency_links.txt
[1.980s] writing entry points to ../../build/bumperbot_py_examples/bumperbot_py_examples.egg-info/entry_points.txt
[1.981s] writing requirements to ../../build/bumperbot_py_examples/bumperbot_py_examples.egg-info/requires.txt
[1.981s] writing top-level names to ../../build/bumperbot_py_examples/bumperbot_py_examples.egg-info/top_level.txt
[2.016s] reading manifest file '../../build/bumperbot_py_examples/bumperbot_py_examples.egg-info/SOURCES.txt'
[2.019s] writing manifest file '../../build/bumperbot_py_examples/bumperbot_py_examples.egg-info/SOURCES.txt'
[2.020s] running build
[2.020s] running build_py
[2.020s] copying bumperbot_py_examples/simple_publisher.py -> /home/admin/bumperbot_ws/build/bumperbot_py_examples/build/lib/bumperbot_py_examples
[2.020s] running install
[2.029s] running install_lib
[2.049s] copying /home/admin/bumperbot_ws/build/bumperbot_py_examples/build/lib/bumperbot_py_examples/simple_publisher.py -> /home/admin/bumperbot_ws/install/bumperbot_py_examples/lib/python3.12/site-packages/bumperbot_py_examples
[2.049s] byte-compiling /home/admin/bumperbot_ws/install/bumperbot_py_examples/lib/python3.12/site-packages/bumperbot_py_examples/simple_publisher.py to simple_publisher.cpython-312.pyc
[2.050s] running install_data
[2.050s] copying package.xml -> /home/admin/bumperbot_ws/install/bumperbot_py_examples/share/bumperbot_py_examples
[2.050s] running install_egg_info
[2.071s] removing '/home/admin/bumperbot_ws/install/bumperbot_py_examples/lib/python3.12/site-packages/bumperbot_py_examples-0.0.0-py3.12.egg-info' (and everything under it)
[2.073s] Copying ../../build/bumperbot_py_examples/bumperbot_py_examples.egg-info to /home/admin/bumperbot_ws/install/bumperbot_py_examples/lib/python3.12/site-packages/bumperbot_py_examples-0.0.0-py3.12.egg-info
[2.076s] running install_scripts
[2.198s] Installing simple_publisher script to /home/admin/bumperbot_ws/install/bumperbot_py_examples/lib/bumperbot_py_examples
[2.199s] writing list of installed files to '/home/admin/bumperbot_ws/build/bumperbot_py_examples/install.log'
[2.239s] Invoked command in '/home/admin/bumperbot_ws/src/bumperbot_py_examples' returned '0': DEBUGINFOD_URLS=https://debuginfod.ubuntu.com PYTHONPATH=/home/admin/bumperbot_ws/build/bumperbot_py_examples/prefix_override:/usr/lib/python3/dist-packages/colcon_core/task/python/colcon_distutils_commands:/home/admin/bumperbot_ws/install/bumperbot_py_examples/lib/python3.12/site-packages:${PYTHONPATH} /usr/bin/python3 -W ignore:setup.py install is deprecated -W ignore:easy_install command is deprecated setup.py egg_info --egg-base ../../build/bumperbot_py_examples build --build-base /home/admin/bumperbot_ws/build/bumperbot_py_examples/build install --record /home/admin/bumperbot_ws/build/bumperbot_py_examples/install.log --single-version-externally-managed install_data
