[0.319s] Invoking command in '/home/admin/bumperbot_ws/build/bumperbot_description': CMAKE_PREFIX_PATH=${CMAKE_PREFIX_PATH}:/opt/ros/jazzy DEBUGINFOD_URLS=https://debuginfod.ubuntu.com /usr/bin/cmake --build /home/admin/bumperbot_ws/build/bumperbot_description -- -j3 -l3
[2.593s] Invoked command in '/home/admin/bumperbot_ws/build/bumperbot_description' returned '0': CMAKE_PREFIX_PATH=${CMAKE_PREFIX_PATH}:/opt/ros/jazzy DEBUGINFOD_URLS=https://debuginfod.ubuntu.com /usr/bin/cmake --build /home/admin/bumperbot_ws/build/bumperbot_description -- -j3 -l3
[2.783s] Invoking command in '/home/admin/bumperbot_ws/build/bumperbot_description': CMAKE_PREFIX_PATH=${CMAKE_PREFIX_PATH}:/opt/ros/jazzy DEBUGINFOD_URLS=https://debuginfod.ubuntu.com /usr/bin/cmake --install /home/admin/bumperbot_ws/build/bumperbot_description
[3.121s] -- Install configuration: ""
[3.121s] -- Up-to-date: /home/admin/bumperbot_ws/install/bumperbot_description/share/bumperbot_description/meshes
[3.122s] -- Up-to-date: /home/admin/bumperbot_ws/install/bumperbot_description/share/bumperbot_description/meshes/wheel_left_link.STL
[3.122s] -- Up-to-date: /home/admin/bumperbot_ws/install/bumperbot_description/share/bumperbot_description/meshes/base_link.STL
[3.122s] -- Up-to-date: /home/admin/bumperbot_ws/install/bumperbot_description/share/bumperbot_description/meshes/can.STL
[3.122s] -- Up-to-date: /home/admin/bumperbot_ws/install/bumperbot_description/share/bumperbot_description/meshes/wheel_right_link.STL
[3.122s] -- Up-to-date: /home/admin/bumperbot_ws/install/bumperbot_description/share/bumperbot_description/meshes/caster_rear_link.STL
[3.122s] -- Up-to-date: /home/admin/bumperbot_ws/install/bumperbot_description/share/bumperbot_description/meshes/imu_link.STL
[3.123s] -- Up-to-date: /home/admin/bumperbot_ws/install/bumperbot_description/share/bumperbot_description/meshes/caster_front_link.STL
[3.123s] -- Up-to-date: /home/admin/bumperbot_ws/install/bumperbot_description/share/bumperbot_description/urdf
[3.124s] -- Up-to-date: /home/admin/bumperbot_ws/install/bumperbot_description/share/bumperbot_description/urdf/bumperbot.urdf.xacro
[3.124s] -- Up-to-date: /home/admin/bumperbot_ws/install/bumperbot_description/share/bumperbot_description/launch
[3.124s] -- Up-to-date: /home/admin/bumperbot_ws/install/bumperbot_description/share/bumperbot_description/launch/display.launch.py
[3.124s] -- Up-to-date: /home/admin/bumperbot_ws/install/bumperbot_description/share/bumperbot_description/rviz
[3.124s] -- Up-to-date: /home/admin/bumperbot_ws/install/bumperbot_description/share/bumperbot_description/rviz/display.rviz
[3.124s] -- Up-to-date: /home/admin/bumperbot_ws/install/bumperbot_description/share/ament_index/resource_index/package_run_dependencies/bumperbot_description
[3.124s] -- Up-to-date: /home/admin/bumperbot_ws/install/bumperbot_description/share/ament_index/resource_index/parent_prefix_path/bumperbot_description
[3.124s] -- Up-to-date: /home/admin/bumperbot_ws/install/bumperbot_description/share/bumperbot_description/environment/ament_prefix_path.sh
[3.124s] -- Up-to-date: /home/admin/bumperbot_ws/install/bumperbot_description/share/bumperbot_description/environment/ament_prefix_path.dsv
[3.124s] -- Up-to-date: /home/admin/bumperbot_ws/install/bumperbot_description/share/bumperbot_description/environment/path.sh
[3.124s] -- Up-to-date: /home/admin/bumperbot_ws/install/bumperbot_description/share/bumperbot_description/environment/path.dsv
[3.124s] -- Up-to-date: /home/admin/bumperbot_ws/install/bumperbot_description/share/bumperbot_description/local_setup.bash
[3.125s] -- Up-to-date: /home/admin/bumperbot_ws/install/bumperbot_description/share/bumperbot_description/local_setup.sh
[3.125s] -- Up-to-date: /home/admin/bumperbot_ws/install/bumperbot_description/share/bumperbot_description/local_setup.zsh
[3.125s] -- Up-to-date: /home/admin/bumperbot_ws/install/bumperbot_description/share/bumperbot_description/local_setup.dsv
[3.125s] -- Installing: /home/admin/bumperbot_ws/install/bumperbot_description/share/bumperbot_description/package.dsv
[3.125s] -- Up-to-date: /home/admin/bumperbot_ws/install/bumperbot_description/share/ament_index/resource_index/packages/bumperbot_description
[3.162s] -- Up-to-date: /home/admin/bumperbot_ws/install/bumperbot_description/share/bumperbot_description/cmake/bumperbot_descriptionConfig.cmake
[3.162s] -- Up-to-date: /home/admin/bumperbot_ws/install/bumperbot_description/share/bumperbot_description/cmake/bumperbot_descriptionConfig-version.cmake
[3.162s] -- Up-to-date: /home/admin/bumperbot_ws/install/bumperbot_description/share/bumperbot_description/package.xml
[3.378s] Invoked command in '/home/admin/bumperbot_ws/build/bumperbot_description' returned '0': CMAKE_PREFIX_PATH=${CMAKE_PREFIX_PATH}:/opt/ros/jazzy DEBUGINFOD_URLS=https://debuginfod.ubuntu.com /usr/bin/cmake --install /home/admin/bumperbot_ws/build/bumperbot_description
