[0.041s] Invoking command in '/home/admin/bumperbot_ws/build/bumperbot_description': CMAKE_PREFIX_PATH=${CMAKE_PREFIX_PATH}:/opt/ros/jazzy DEBUGINFOD_URLS=https://debuginfod.ubuntu.com /usr/bin/cmake /home/admin/bumperbot_ws/src/bumperbot_description -DCMAKE_INSTALL_PREFIX=/home/admin/bumperbot_ws/install/bumperbot_description
[0.386s] -- The C compiler identification is GNU 13.3.0
[0.839s] -- The CXX compiler identification is GNU 13.3.0
[0.916s] -- Detecting C compiler ABI info
[1.295s] -- Detecting C compiler ABI info - done
[1.301s] -- Check for working C compiler: /usr/bin/cc - skipped
[1.305s] -- Detecting C compile features
[1.307s] -- Detecting C compile features - done
[1.335s] -- Detecting CXX compiler ABI info
[1.525s] -- Detecting CXX compiler ABI info - done
[1.538s] -- Check for working CXX compiler: /usr/bin/c++ - skipped
[1.538s] -- Detecting CXX compile features
[1.546s] -- Detecting CXX compile features - done
[1.604s] -- Found ament_cmake: 2.5.3 (/opt/ros/jazzy/share/ament_cmake/cmake)
[1.878s] -- Found Python3: /usr/bin/python3 (found version "3.12.3") found components: Interpreter 
[2.155s] -- Found ament_lint_auto: 0.17.1 (/opt/ros/jazzy/share/ament_lint_auto/cmake)
[2.324s] -- Configuring incomplete, errors occurred!
[2.324s] [31mCMake Error at /opt/ros/jazzy/share/ament_cmake_core/cmake/core/ament_package_xml.cmake:53 (message):
[2.324s]   ament_package_xml() package name 'bumperbot_description' in '/package.xml'
[2.324s]   does not match current PROJECT_NAME 'bumperbot_discription'.  You must call
[2.324s]   project() with the same package name before.
[2.324s] Call Stack (most recent call first):
[2.324s]   /opt/ros/jazzy/share/ament_lint_auto/cmake/ament_lint_auto_find_test_dependencies.cmake:31 (ament_package_xml)
[2.324s]   CMakeLists.txt:19 (ament_lint_auto_find_test_dependencies)
[2.324s] 
[2.324s] [0m
[2.329s] Invoked command in '/home/admin/bumperbot_ws/build/bumperbot_description' returned '1': CMAKE_PREFIX_PATH=${CMAKE_PREFIX_PATH}:/opt/ros/jazzy DEBUGINFOD_URLS=https://debuginfod.ubuntu.com /usr/bin/cmake /home/admin/bumperbot_ws/src/bumperbot_description -DCMAKE_INSTALL_PREFIX=/home/admin/bumperbot_ws/install/bumperbot_description
