[0.045s] Invoking command in '/home/admin/bumperbot_ws/build/bumperbot_description': CMAKE_PREFIX_PATH=${CMAKE_PREFIX_PATH}:/opt/ros/jazzy DEBUGINFOD_URLS=https://debuginfod.ubuntu.com /usr/bin/cmake --build /home/admin/bumperbot_ws/build/bumperbot_description -- -j3 -l3
[0.286s] Invoked command in '/home/admin/bumperbot_ws/build/bumperbot_description' returned '0': CMAKE_PREFIX_PATH=${CMAKE_PREFIX_PATH}:/opt/ros/jazzy DEBUGINFOD_URLS=https://debuginfod.ubuntu.com /usr/bin/cmake --build /home/admin/bumperbot_ws/build/bumperbot_description -- -j3 -l3
[0.287s] Invoking command in '/home/admin/bumperbot_ws/build/bumperbot_description': CMAKE_PREFIX_PATH=${CMAKE_PREFIX_PATH}:/opt/ros/jazzy DEBUGINFOD_URLS=https://debuginfod.ubuntu.com /usr/bin/cmake --install /home/admin/bumperbot_ws/build/bumperbot_description
[0.310s] -- Install configuration: ""
[0.315s] -- Up-to-date: /home/admin/bumperbot_ws/install/bumperbot_description/share/bumperbot_description/meshes
[0.315s] -- Up-to-date: /home/admin/bumperbot_ws/install/bumperbot_description/share/bumperbot_description/meshes/wheel_left_link.STL
[0.315s] -- Up-to-date: /home/admin/bumperbot_ws/install/bumperbot_description/share/bumperbot_description/meshes/base_link.STL
[0.315s] -- Up-to-date: /home/admin/bumperbot_ws/install/bumperbot_description/share/bumperbot_description/meshes/wheel_right_link.STL
[0.315s] -- Up-to-date: /home/admin/bumperbot_ws/install/bumperbot_description/share/bumperbot_description/meshes/caster_rear_link.STL
[0.315s] -- Up-to-date: /home/admin/bumperbot_ws/install/bumperbot_description/share/bumperbot_description/meshes/imu_link.STL
[0.315s] -- Up-to-date: /home/admin/bumperbot_ws/install/bumperbot_description/share/bumperbot_description/meshes/caster_front_link.STL
[0.316s] -- Up-to-date: /home/admin/bumperbot_ws/install/bumperbot_description/share/bumperbot_description/urdf
[0.316s] -- Up-to-date: /home/admin/bumperbot_ws/install/bumperbot_description/share/bumperbot_description/urdf/bumperbot.urdf.xacro
[0.316s] -- Up-to-date: /home/admin/bumperbot_ws/install/bumperbot_description/share/bumperbot_description/launch
[0.316s] -- Installing: /home/admin/bumperbot_ws/install/bumperbot_description/share/bumperbot_description/launch/display.launch.py
[0.317s] -- Up-to-date: /home/admin/bumperbot_ws/install/bumperbot_description/share/bumperbot_description/rviz
[0.319s] -- Up-to-date: /home/admin/bumperbot_ws/install/bumperbot_description/share/bumperbot_description/rviz/display.rviz
[0.319s] -- Up-to-date: /home/admin/bumperbot_ws/install/bumperbot_description/share/ament_index/resource_index/package_run_dependencies/bumperbot_description
[0.319s] -- Up-to-date: /home/admin/bumperbot_ws/install/bumperbot_description/share/ament_index/resource_index/parent_prefix_path/bumperbot_description
[0.319s] -- Up-to-date: /home/admin/bumperbot_ws/install/bumperbot_description/share/bumperbot_description/environment/ament_prefix_path.sh
[0.319s] -- Up-to-date: /home/admin/bumperbot_ws/install/bumperbot_description/share/bumperbot_description/environment/ament_prefix_path.dsv
[0.319s] -- Up-to-date: /home/admin/bumperbot_ws/install/bumperbot_description/share/bumperbot_description/environment/path.sh
[0.319s] -- Up-to-date: /home/admin/bumperbot_ws/install/bumperbot_description/share/bumperbot_description/environment/path.dsv
[0.319s] -- Up-to-date: /home/admin/bumperbot_ws/install/bumperbot_description/share/bumperbot_description/local_setup.bash
[0.319s] -- Up-to-date: /home/admin/bumperbot_ws/install/bumperbot_description/share/bumperbot_description/local_setup.sh
[0.319s] -- Up-to-date: /home/admin/bumperbot_ws/install/bumperbot_description/share/bumperbot_description/local_setup.zsh
[0.319s] -- Up-to-date: /home/admin/bumperbot_ws/install/bumperbot_description/share/bumperbot_description/local_setup.dsv
[0.319s] -- Installing: /home/admin/bumperbot_ws/install/bumperbot_description/share/bumperbot_description/package.dsv
[0.320s] -- Up-to-date: /home/admin/bumperbot_ws/install/bumperbot_description/share/ament_index/resource_index/packages/bumperbot_description
[0.320s] -- Up-to-date: /home/admin/bumperbot_ws/install/bumperbot_description/share/bumperbot_description/cmake/bumperbot_descriptionConfig.cmake
[0.320s] -- Up-to-date: /home/admin/bumperbot_ws/install/bumperbot_description/share/bumperbot_description/cmake/bumperbot_descriptionConfig-version.cmake
[0.320s] -- Up-to-date: /home/admin/bumperbot_ws/install/bumperbot_description/share/bumperbot_description/package.xml
[0.357s] Invoked command in '/home/admin/bumperbot_ws/build/bumperbot_description' returned '0': CMAKE_PREFIX_PATH=${CMAKE_PREFIX_PATH}:/opt/ros/jazzy DEBUGINFOD_URLS=https://debuginfod.ubuntu.com /usr/bin/cmake --install /home/admin/bumperbot_ws/build/bumperbot_description
