[0.102s] DEBUG:colcon:Command line arguments: ['/usr/bin/colcon', 'build']
[0.102s] DEBUG:colcon:Parsed command line arguments: Namespace(log_base=None, log_level=None, verb_name='build', build_base='build', install_base='install', merge_install=False, symlink_install=False, test_result_base=None, continue_on_error=False, executor='parallel', parallel_workers=8, event_handlers=None, ignore_user_meta=False, metas=['./colcon.meta'], base_paths=['.'], packages_ignore=None, packages_ignore_regex=None, paths=None, packages_up_to=None, packages_up_to_regex=None, packages_above=None, packages_above_and_dependencies=None, packages_above_depth=None, packages_select_by_dep=None, packages_skip_by_dep=None, packages_skip_up_to=None, packages_select_build_failed=False, packages_skip_build_finished=False, packages_select_test_failures=False, packages_skip_test_passed=False, packages_select=None, packages_skip=None, packages_select_regex=None, packages_skip_regex=None, packages_start=None, packages_end=None, allow_overriding=[], cmake_args=None, cmake_target=None, cmake_target_skip_unavailable=False, cmake_clean_cache=False, cmake_clean_first=False, cmake_force_configure=False, ament_cmake_args=None, catkin_cmake_args=None, catkin_skip_building_tests=False, mixin_files=None, mixin=None, verb_parser=<colcon_mixin.mixin.mixin_argument.MixinArgumentDecorator object at 0x7f941c7e1d60>, verb_extension=<colcon_core.verb.build.BuildVerb object at 0x7f941c7e1910>, main=<bound method BuildVerb.main of <colcon_core.verb.build.BuildVerb object at 0x7f941c7e1910>>, mixin_verb=('build',))
[0.138s] Level 1:colcon.colcon_core.package_discovery:discover_packages(colcon_meta) check parameters
[0.138s] Level 1:colcon.colcon_core.package_discovery:discover_packages(recursive) check parameters
[0.138s] Level 1:colcon.colcon_core.package_discovery:discover_packages(ignore) check parameters
[0.138s] Level 1:colcon.colcon_core.package_discovery:discover_packages(path) check parameters
[0.138s] Level 1:colcon.colcon_core.package_discovery:discover_packages(colcon_meta) discover
[0.139s] Level 1:colcon.colcon_core.package_discovery:discover_packages(recursive) discover
[0.139s] INFO:colcon.colcon_core.package_discovery:Crawling recursively for packages in '/home/rajitha-niroshan/FYP/Repos/Bumperbot-ros2/bumperbot_ws'
[0.139s] Level 1:colcon.colcon_core.package_identification:_identify(.) by extensions ['ignore', 'ignore_ament_install']
[0.139s] Level 1:colcon.colcon_core.package_identification:_identify(.) by extension 'ignore'
[0.139s] Level 1:colcon.colcon_core.package_identification:_identify(.) by extension 'ignore_ament_install'
[0.139s] Level 1:colcon.colcon_core.package_identification:_identify(.) by extensions ['colcon_pkg']
[0.139s] Level 1:colcon.colcon_core.package_identification:_identify(.) by extension 'colcon_pkg'
[0.139s] Level 1:colcon.colcon_core.package_identification:_identify(.) by extensions ['colcon_meta']
[0.139s] Level 1:colcon.colcon_core.package_identification:_identify(.) by extension 'colcon_meta'
[0.139s] Level 1:colcon.colcon_core.package_identification:_identify(.) by extensions ['ros']
[0.139s] Level 1:colcon.colcon_core.package_identification:_identify(.) by extension 'ros'
[0.164s] Level 1:colcon.colcon_core.package_identification:_identify(.) by extensions ['cmake', 'python']
[0.164s] Level 1:colcon.colcon_core.package_identification:_identify(.) by extension 'cmake'
[0.164s] Level 1:colcon.colcon_core.package_identification:_identify(.) by extension 'python'
[0.164s] Level 1:colcon.colcon_core.package_identification:_identify(.) by extensions ['python_setup_py']
[0.164s] Level 1:colcon.colcon_core.package_identification:_identify(.) by extension 'python_setup_py'
[0.164s] Level 1:colcon.colcon_core.package_identification:_identify(build) by extensions ['ignore', 'ignore_ament_install']
[0.164s] Level 1:colcon.colcon_core.package_identification:_identify(build) by extension 'ignore'
[0.164s] Level 1:colcon.colcon_core.package_identification:_identify(build) ignored
[0.164s] Level 1:colcon.colcon_core.package_identification:_identify(install) by extensions ['ignore', 'ignore_ament_install']
[0.165s] Level 1:colcon.colcon_core.package_identification:_identify(install) by extension 'ignore'
[0.165s] Level 1:colcon.colcon_core.package_identification:_identify(install) ignored
[0.165s] Level 1:colcon.colcon_core.package_identification:_identify(log) by extensions ['ignore', 'ignore_ament_install']
[0.165s] Level 1:colcon.colcon_core.package_identification:_identify(log) by extension 'ignore'
[0.165s] Level 1:colcon.colcon_core.package_identification:_identify(log) ignored
[0.165s] Level 1:colcon.colcon_core.package_identification:_identify(src) by extensions ['ignore', 'ignore_ament_install']
[0.165s] Level 1:colcon.colcon_core.package_identification:_identify(src) by extension 'ignore'
[0.165s] Level 1:colcon.colcon_core.package_identification:_identify(src) by extension 'ignore_ament_install'
[0.165s] Level 1:colcon.colcon_core.package_identification:_identify(src) by extensions ['colcon_pkg']
[0.165s] Level 1:colcon.colcon_core.package_identification:_identify(src) by extension 'colcon_pkg'
[0.165s] Level 1:colcon.colcon_core.package_identification:_identify(src) by extensions ['colcon_meta']
[0.165s] Level 1:colcon.colcon_core.package_identification:_identify(src) by extension 'colcon_meta'
[0.165s] Level 1:colcon.colcon_core.package_identification:_identify(src) by extensions ['ros']
[0.165s] Level 1:colcon.colcon_core.package_identification:_identify(src) by extension 'ros'
[0.165s] Level 1:colcon.colcon_core.package_identification:_identify(src) by extensions ['cmake', 'python']
[0.165s] Level 1:colcon.colcon_core.package_identification:_identify(src) by extension 'cmake'
[0.165s] Level 1:colcon.colcon_core.package_identification:_identify(src) by extension 'python'
[0.165s] Level 1:colcon.colcon_core.package_identification:_identify(src) by extensions ['python_setup_py']
[0.165s] Level 1:colcon.colcon_core.package_identification:_identify(src) by extension 'python_setup_py'
[0.165s] Level 1:colcon.colcon_core.package_identification:_identify(src/bumperbot_cpp_examples) by extensions ['ignore', 'ignore_ament_install']
[0.166s] Level 1:colcon.colcon_core.package_identification:_identify(src/bumperbot_cpp_examples) by extension 'ignore'
[0.166s] Level 1:colcon.colcon_core.package_identification:_identify(src/bumperbot_cpp_examples) by extension 'ignore_ament_install'
[0.166s] Level 1:colcon.colcon_core.package_identification:_identify(src/bumperbot_cpp_examples) by extensions ['colcon_pkg']
[0.166s] Level 1:colcon.colcon_core.package_identification:_identify(src/bumperbot_cpp_examples) by extension 'colcon_pkg'
[0.166s] Level 1:colcon.colcon_core.package_identification:_identify(src/bumperbot_cpp_examples) by extensions ['colcon_meta']
[0.166s] Level 1:colcon.colcon_core.package_identification:_identify(src/bumperbot_cpp_examples) by extension 'colcon_meta'
[0.166s] Level 1:colcon.colcon_core.package_identification:_identify(src/bumperbot_cpp_examples) by extensions ['ros']
[0.166s] Level 1:colcon.colcon_core.package_identification:_identify(src/bumperbot_cpp_examples) by extension 'ros'
[0.168s] DEBUG:colcon.colcon_core.package_identification:Package 'src/bumperbot_cpp_examples' with type 'ros.ament_cmake' and name 'bumperbot_cpp_examples'
[0.168s] Level 1:colcon.colcon_core.package_identification:_identify(src/bumperbot_description) by extensions ['ignore', 'ignore_ament_install']
[0.168s] Level 1:colcon.colcon_core.package_identification:_identify(src/bumperbot_description) by extension 'ignore'
[0.168s] Level 1:colcon.colcon_core.package_identification:_identify(src/bumperbot_description) by extension 'ignore_ament_install'
[0.168s] Level 1:colcon.colcon_core.package_identification:_identify(src/bumperbot_description) by extensions ['colcon_pkg']
[0.168s] Level 1:colcon.colcon_core.package_identification:_identify(src/bumperbot_description) by extension 'colcon_pkg'
[0.168s] Level 1:colcon.colcon_core.package_identification:_identify(src/bumperbot_description) by extensions ['colcon_meta']
[0.168s] Level 1:colcon.colcon_core.package_identification:_identify(src/bumperbot_description) by extension 'colcon_meta'
[0.168s] Level 1:colcon.colcon_core.package_identification:_identify(src/bumperbot_description) by extensions ['ros']
[0.169s] Level 1:colcon.colcon_core.package_identification:_identify(src/bumperbot_description) by extension 'ros'
[0.169s] DEBUG:colcon.colcon_core.package_identification:Package 'src/bumperbot_description' with type 'ros.ament_cmake' and name 'bumperbot_description'
[0.169s] Level 1:colcon.colcon_core.package_identification:_identify(src/bumperbot_py_examples) by extensions ['ignore', 'ignore_ament_install']
[0.169s] Level 1:colcon.colcon_core.package_identification:_identify(src/bumperbot_py_examples) by extension 'ignore'
[0.169s] Level 1:colcon.colcon_core.package_identification:_identify(src/bumperbot_py_examples) by extension 'ignore_ament_install'
[0.169s] Level 1:colcon.colcon_core.package_identification:_identify(src/bumperbot_py_examples) by extensions ['colcon_pkg']
[0.169s] Level 1:colcon.colcon_core.package_identification:_identify(src/bumperbot_py_examples) by extension 'colcon_pkg'
[0.169s] Level 1:colcon.colcon_core.package_identification:_identify(src/bumperbot_py_examples) by extensions ['colcon_meta']
[0.169s] Level 1:colcon.colcon_core.package_identification:_identify(src/bumperbot_py_examples) by extension 'colcon_meta'
[0.169s] Level 1:colcon.colcon_core.package_identification:_identify(src/bumperbot_py_examples) by extensions ['ros']
[0.169s] Level 1:colcon.colcon_core.package_identification:_identify(src/bumperbot_py_examples) by extension 'ros'
[0.170s] DEBUG:colcon.colcon_core.package_identification:Package 'src/bumperbot_py_examples' with type 'ros.ament_python' and name 'bumperbot_py_examples'
[0.170s] Level 1:colcon.colcon_core.package_discovery:discover_packages(recursive) using defaults
[0.170s] Level 1:colcon.colcon_core.package_discovery:discover_packages(ignore) discover
[0.170s] Level 1:colcon.colcon_core.package_discovery:discover_packages(ignore) using defaults
[0.170s] Level 1:colcon.colcon_core.package_discovery:discover_packages(path) discover
[0.170s] Level 1:colcon.colcon_core.package_discovery:discover_packages(path) using defaults
[0.187s] Level 1:colcon.colcon_core.package_discovery:discover_packages(prefix_path) check parameters
[0.187s] Level 1:colcon.colcon_core.package_discovery:discover_packages(prefix_path) discover
[0.190s] DEBUG:colcon.colcon_installed_package_information.package_discovery:Found 387 installed packages in /opt/ros/jazzy
[0.192s] Level 1:colcon.colcon_core.package_discovery:discover_packages(prefix_path) using defaults
[0.239s] Level 5:colcon.colcon_core.verb:set package 'bumperbot_cpp_examples' build argument 'cmake_args' from command line to 'None'
[0.239s] Level 5:colcon.colcon_core.verb:set package 'bumperbot_cpp_examples' build argument 'cmake_target' from command line to 'None'
[0.239s] Level 5:colcon.colcon_core.verb:set package 'bumperbot_cpp_examples' build argument 'cmake_target_skip_unavailable' from command line to 'False'
[0.239s] Level 5:colcon.colcon_core.verb:set package 'bumperbot_cpp_examples' build argument 'cmake_clean_cache' from command line to 'False'
[0.239s] Level 5:colcon.colcon_core.verb:set package 'bumperbot_cpp_examples' build argument 'cmake_clean_first' from command line to 'False'
[0.239s] Level 5:colcon.colcon_core.verb:set package 'bumperbot_cpp_examples' build argument 'cmake_force_configure' from command line to 'False'
[0.239s] Level 5:colcon.colcon_core.verb:set package 'bumperbot_cpp_examples' build argument 'ament_cmake_args' from command line to 'None'
[0.239s] Level 5:colcon.colcon_core.verb:set package 'bumperbot_cpp_examples' build argument 'catkin_cmake_args' from command line to 'None'
[0.239s] Level 5:colcon.colcon_core.verb:set package 'bumperbot_cpp_examples' build argument 'catkin_skip_building_tests' from command line to 'False'
[0.240s] DEBUG:colcon.colcon_core.verb:Building package 'bumperbot_cpp_examples' with the following arguments: {'ament_cmake_args': None, 'build_base': '/home/rajitha-niroshan/FYP/Repos/Bumperbot-ros2/bumperbot_ws/build/bumperbot_cpp_examples', 'catkin_cmake_args': None, 'catkin_skip_building_tests': False, 'cmake_args': None, 'cmake_clean_cache': False, 'cmake_clean_first': False, 'cmake_force_configure': False, 'cmake_target': None, 'cmake_target_skip_unavailable': False, 'install_base': '/home/rajitha-niroshan/FYP/Repos/Bumperbot-ros2/bumperbot_ws/install/bumperbot_cpp_examples', 'merge_install': False, 'path': '/home/rajitha-niroshan/FYP/Repos/Bumperbot-ros2/bumperbot_ws/src/bumperbot_cpp_examples', 'symlink_install': False, 'test_result_base': None}
[0.240s] Level 5:colcon.colcon_core.verb:set package 'bumperbot_description' build argument 'cmake_args' from command line to 'None'
[0.240s] Level 5:colcon.colcon_core.verb:set package 'bumperbot_description' build argument 'cmake_target' from command line to 'None'
[0.240s] Level 5:colcon.colcon_core.verb:set package 'bumperbot_description' build argument 'cmake_target_skip_unavailable' from command line to 'False'
[0.240s] Level 5:colcon.colcon_core.verb:set package 'bumperbot_description' build argument 'cmake_clean_cache' from command line to 'False'
[0.240s] Level 5:colcon.colcon_core.verb:set package 'bumperbot_description' build argument 'cmake_clean_first' from command line to 'False'
[0.240s] Level 5:colcon.colcon_core.verb:set package 'bumperbot_description' build argument 'cmake_force_configure' from command line to 'False'
[0.240s] Level 5:colcon.colcon_core.verb:set package 'bumperbot_description' build argument 'ament_cmake_args' from command line to 'None'
[0.240s] Level 5:colcon.colcon_core.verb:set package 'bumperbot_description' build argument 'catkin_cmake_args' from command line to 'None'
[0.240s] Level 5:colcon.colcon_core.verb:set package 'bumperbot_description' build argument 'catkin_skip_building_tests' from command line to 'False'
[0.240s] DEBUG:colcon.colcon_core.verb:Building package 'bumperbot_description' with the following arguments: {'ament_cmake_args': None, 'build_base': '/home/rajitha-niroshan/FYP/Repos/Bumperbot-ros2/bumperbot_ws/build/bumperbot_description', 'catkin_cmake_args': None, 'catkin_skip_building_tests': False, 'cmake_args': None, 'cmake_clean_cache': False, 'cmake_clean_first': False, 'cmake_force_configure': False, 'cmake_target': None, 'cmake_target_skip_unavailable': False, 'install_base': '/home/rajitha-niroshan/FYP/Repos/Bumperbot-ros2/bumperbot_ws/install/bumperbot_description', 'merge_install': False, 'path': '/home/rajitha-niroshan/FYP/Repos/Bumperbot-ros2/bumperbot_ws/src/bumperbot_description', 'symlink_install': False, 'test_result_base': None}
[0.240s] Level 5:colcon.colcon_core.verb:set package 'bumperbot_py_examples' build argument 'cmake_args' from command line to 'None'
[0.240s] Level 5:colcon.colcon_core.verb:set package 'bumperbot_py_examples' build argument 'cmake_target' from command line to 'None'
[0.240s] Level 5:colcon.colcon_core.verb:set package 'bumperbot_py_examples' build argument 'cmake_target_skip_unavailable' from command line to 'False'
[0.240s] Level 5:colcon.colcon_core.verb:set package 'bumperbot_py_examples' build argument 'cmake_clean_cache' from command line to 'False'
[0.240s] Level 5:colcon.colcon_core.verb:set package 'bumperbot_py_examples' build argument 'cmake_clean_first' from command line to 'False'
[0.240s] Level 5:colcon.colcon_core.verb:set package 'bumperbot_py_examples' build argument 'cmake_force_configure' from command line to 'False'
[0.240s] Level 5:colcon.colcon_core.verb:set package 'bumperbot_py_examples' build argument 'ament_cmake_args' from command line to 'None'
[0.240s] Level 5:colcon.colcon_core.verb:set package 'bumperbot_py_examples' build argument 'catkin_cmake_args' from command line to 'None'
[0.240s] Level 5:colcon.colcon_core.verb:set package 'bumperbot_py_examples' build argument 'catkin_skip_building_tests' from command line to 'False'
[0.240s] DEBUG:colcon.colcon_core.verb:Building package 'bumperbot_py_examples' with the following arguments: {'ament_cmake_args': None, 'build_base': '/home/rajitha-niroshan/FYP/Repos/Bumperbot-ros2/bumperbot_ws/build/bumperbot_py_examples', 'catkin_cmake_args': None, 'catkin_skip_building_tests': False, 'cmake_args': None, 'cmake_clean_cache': False, 'cmake_clean_first': False, 'cmake_force_configure': False, 'cmake_target': None, 'cmake_target_skip_unavailable': False, 'install_base': '/home/rajitha-niroshan/FYP/Repos/Bumperbot-ros2/bumperbot_ws/install/bumperbot_py_examples', 'merge_install': False, 'path': '/home/rajitha-niroshan/FYP/Repos/Bumperbot-ros2/bumperbot_ws/src/bumperbot_py_examples', 'symlink_install': False, 'test_result_base': None}
[0.241s] INFO:colcon.colcon_core.executor:Executing jobs using 'parallel' executor
[0.241s] DEBUG:colcon.colcon_parallel_executor.executor.parallel:run_until_complete
[0.242s] INFO:colcon.colcon_ros.task.ament_cmake.build:Building ROS package in '/home/rajitha-niroshan/FYP/Repos/Bumperbot-ros2/bumperbot_ws/src/bumperbot_cpp_examples' with build type 'ament_cmake'
[0.242s] INFO:colcon.colcon_cmake.task.cmake.build:Building CMake package in '/home/rajitha-niroshan/FYP/Repos/Bumperbot-ros2/bumperbot_ws/src/bumperbot_cpp_examples'
[0.244s] INFO:colcon.colcon_core.plugin_system:Skipping extension 'colcon_core.shell.bat': Not used on non-Windows systems
[0.244s] INFO:colcon.colcon_core.shell:Skip shell extension 'powershell' for command environment: Not usable outside of PowerShell
[0.244s] DEBUG:colcon.colcon_core.shell:Skip shell extension 'dsv' for command environment
[0.248s] INFO:colcon.colcon_ros.task.ament_cmake.build:Building ROS package in '/home/rajitha-niroshan/FYP/Repos/Bumperbot-ros2/bumperbot_ws/src/bumperbot_description' with build type 'ament_cmake'
[0.248s] INFO:colcon.colcon_cmake.task.cmake.build:Building CMake package in '/home/rajitha-niroshan/FYP/Repos/Bumperbot-ros2/bumperbot_ws/src/bumperbot_description'
[0.248s] INFO:colcon.colcon_core.shell:Skip shell extension 'powershell' for command environment: Not usable outside of PowerShell
[0.248s] DEBUG:colcon.colcon_core.shell:Skip shell extension 'dsv' for command environment
[0.251s] INFO:colcon.colcon_ros.task.ament_python.build:Building ROS package in '/home/rajitha-niroshan/FYP/Repos/Bumperbot-ros2/bumperbot_ws/src/bumperbot_py_examples' with build type 'ament_python'
[0.251s] Level 1:colcon.colcon_core.shell:create_environment_hook('bumperbot_py_examples', 'ament_prefix_path')
[0.251s] INFO:colcon.colcon_core.shell:Creating environment hook '/home/rajitha-niroshan/FYP/Repos/Bumperbot-ros2/bumperbot_ws/install/bumperbot_py_examples/share/bumperbot_py_examples/hook/ament_prefix_path.ps1'
[0.252s] INFO:colcon.colcon_core.shell:Creating environment descriptor '/home/rajitha-niroshan/FYP/Repos/Bumperbot-ros2/bumperbot_ws/install/bumperbot_py_examples/share/bumperbot_py_examples/hook/ament_prefix_path.dsv'
[0.252s] INFO:colcon.colcon_core.shell:Creating environment hook '/home/rajitha-niroshan/FYP/Repos/Bumperbot-ros2/bumperbot_ws/install/bumperbot_py_examples/share/bumperbot_py_examples/hook/ament_prefix_path.sh'
[0.253s] INFO:colcon.colcon_core.shell:Skip shell extension 'powershell' for command environment: Not usable outside of PowerShell
[0.253s] DEBUG:colcon.colcon_core.shell:Skip shell extension 'dsv' for command environment
[0.260s] DEBUG:colcon.colcon_core.event_handler.log_command:Invoking command in '/home/rajitha-niroshan/FYP/Repos/Bumperbot-ros2/bumperbot_ws/build/bumperbot_cpp_examples': CMAKE_PREFIX_PATH=${CMAKE_PREFIX_PATH}:/opt/ros/jazzy DEBUGINFOD_URLS=https://debuginfod.ubuntu.com /usr/bin/cmake --build /home/rajitha-niroshan/FYP/Repos/Bumperbot-ros2/bumperbot_ws/build/bumperbot_cpp_examples -- -j8 -l8
[0.262s] DEBUG:colcon.colcon_core.event_handler.log_command:Invoking command in '/home/rajitha-niroshan/FYP/Repos/Bumperbot-ros2/bumperbot_ws/build/bumperbot_description': CMAKE_PREFIX_PATH=${CMAKE_PREFIX_PATH}:/opt/ros/jazzy DEBUGINFOD_URLS=https://debuginfod.ubuntu.com /usr/bin/cmake --build /home/rajitha-niroshan/FYP/Repos/Bumperbot-ros2/bumperbot_ws/build/bumperbot_description -- -j8 -l8
[0.492s] INFO:colcon.colcon_core.task.python.build:Building Python package in '/home/rajitha-niroshan/FYP/Repos/Bumperbot-ros2/bumperbot_ws/src/bumperbot_py_examples'
[0.492s] INFO:colcon.colcon_core.shell:Skip shell extension 'powershell' for command environment: Not usable outside of PowerShell
[0.493s] DEBUG:colcon.colcon_core.shell:Skip shell extension 'dsv' for command environment
[0.497s] DEBUG:colcon.colcon_core.event_handler.log_command:Invoked command in '/home/rajitha-niroshan/FYP/Repos/Bumperbot-ros2/bumperbot_ws/build/bumperbot_description' returned '0': CMAKE_PREFIX_PATH=${CMAKE_PREFIX_PATH}:/opt/ros/jazzy DEBUGINFOD_URLS=https://debuginfod.ubuntu.com /usr/bin/cmake --build /home/rajitha-niroshan/FYP/Repos/Bumperbot-ros2/bumperbot_ws/build/bumperbot_description -- -j8 -l8
[0.506s] DEBUG:colcon.colcon_core.event_handler.log_command:Invoking command in '/home/rajitha-niroshan/FYP/Repos/Bumperbot-ros2/bumperbot_ws/build/bumperbot_description': CMAKE_PREFIX_PATH=${CMAKE_PREFIX_PATH}:/opt/ros/jazzy DEBUGINFOD_URLS=https://debuginfod.ubuntu.com /usr/bin/cmake --install /home/rajitha-niroshan/FYP/Repos/Bumperbot-ros2/bumperbot_ws/build/bumperbot_description
[0.507s] DEBUG:colcon.colcon_core.event_handler.log_command:Invoked command in '/home/rajitha-niroshan/FYP/Repos/Bumperbot-ros2/bumperbot_ws/build/bumperbot_cpp_examples' returned '0': CMAKE_PREFIX_PATH=${CMAKE_PREFIX_PATH}:/opt/ros/jazzy DEBUGINFOD_URLS=https://debuginfod.ubuntu.com /usr/bin/cmake --build /home/rajitha-niroshan/FYP/Repos/Bumperbot-ros2/bumperbot_ws/build/bumperbot_cpp_examples -- -j8 -l8
[0.508s] DEBUG:colcon.colcon_core.event_handler.log_command:Invoking command in '/home/rajitha-niroshan/FYP/Repos/Bumperbot-ros2/bumperbot_ws/build/bumperbot_cpp_examples': CMAKE_PREFIX_PATH=${CMAKE_PREFIX_PATH}:/opt/ros/jazzy DEBUGINFOD_URLS=https://debuginfod.ubuntu.com /usr/bin/cmake --install /home/rajitha-niroshan/FYP/Repos/Bumperbot-ros2/bumperbot_ws/build/bumperbot_cpp_examples
[0.518s] Level 1:colcon.colcon_core.environment:create_environment_scripts_only(bumperbot_cpp_examples)
[0.524s] DEBUG:colcon.colcon_core.event_handler.log_command:Invoked command in '/home/rajitha-niroshan/FYP/Repos/Bumperbot-ros2/bumperbot_ws/build/bumperbot_cpp_examples' returned '0': CMAKE_PREFIX_PATH=${CMAKE_PREFIX_PATH}:/opt/ros/jazzy DEBUGINFOD_URLS=https://debuginfod.ubuntu.com /usr/bin/cmake --install /home/rajitha-niroshan/FYP/Repos/Bumperbot-ros2/bumperbot_ws/build/bumperbot_cpp_examples
[0.524s] Level 1:colcon.colcon_core.environment:checking '/home/rajitha-niroshan/FYP/Repos/Bumperbot-ros2/bumperbot_ws/install/bumperbot_cpp_examples' for CMake module files
[0.524s] Level 1:colcon.colcon_core.environment:checking '/home/rajitha-niroshan/FYP/Repos/Bumperbot-ros2/bumperbot_ws/install/bumperbot_cpp_examples' for CMake config files
[0.525s] Level 1:colcon.colcon_core.shell:create_environment_hook('bumperbot_cpp_examples', 'cmake_prefix_path')
[0.525s] INFO:colcon.colcon_core.shell:Creating environment hook '/home/rajitha-niroshan/FYP/Repos/Bumperbot-ros2/bumperbot_ws/install/bumperbot_cpp_examples/share/bumperbot_cpp_examples/hook/cmake_prefix_path.ps1'
[0.525s] INFO:colcon.colcon_core.shell:Creating environment descriptor '/home/rajitha-niroshan/FYP/Repos/Bumperbot-ros2/bumperbot_ws/install/bumperbot_cpp_examples/share/bumperbot_cpp_examples/hook/cmake_prefix_path.dsv'
[0.525s] INFO:colcon.colcon_core.shell:Creating environment hook '/home/rajitha-niroshan/FYP/Repos/Bumperbot-ros2/bumperbot_ws/install/bumperbot_cpp_examples/share/bumperbot_cpp_examples/hook/cmake_prefix_path.sh'
[0.526s] Level 1:colcon.colcon_core.environment:checking '/home/rajitha-niroshan/FYP/Repos/Bumperbot-ros2/bumperbot_ws/install/bumperbot_cpp_examples/bin'
[0.526s] Level 1:colcon.colcon_core.environment:checking '/home/rajitha-niroshan/FYP/Repos/Bumperbot-ros2/bumperbot_ws/install/bumperbot_cpp_examples/lib/pkgconfig/bumperbot_cpp_examples.pc'
[0.527s] Level 1:colcon.colcon_core.environment:checking '/home/rajitha-niroshan/FYP/Repos/Bumperbot-ros2/bumperbot_ws/install/bumperbot_cpp_examples/lib/python3.12/site-packages'
[0.527s] Level 1:colcon.colcon_core.environment:checking '/home/rajitha-niroshan/FYP/Repos/Bumperbot-ros2/bumperbot_ws/install/bumperbot_cpp_examples/bin'
[0.527s] INFO:colcon.colcon_core.shell:Creating package script '/home/rajitha-niroshan/FYP/Repos/Bumperbot-ros2/bumperbot_ws/install/bumperbot_cpp_examples/share/bumperbot_cpp_examples/package.ps1'
[0.528s] INFO:colcon.colcon_core.shell:Creating package descriptor '/home/rajitha-niroshan/FYP/Repos/Bumperbot-ros2/bumperbot_ws/install/bumperbot_cpp_examples/share/bumperbot_cpp_examples/package.dsv'
[0.529s] INFO:colcon.colcon_core.shell:Creating package script '/home/rajitha-niroshan/FYP/Repos/Bumperbot-ros2/bumperbot_ws/install/bumperbot_cpp_examples/share/bumperbot_cpp_examples/package.sh'
[0.530s] INFO:colcon.colcon_core.shell:Creating package script '/home/rajitha-niroshan/FYP/Repos/Bumperbot-ros2/bumperbot_ws/install/bumperbot_cpp_examples/share/bumperbot_cpp_examples/package.bash'
[0.530s] INFO:colcon.colcon_core.shell:Creating package script '/home/rajitha-niroshan/FYP/Repos/Bumperbot-ros2/bumperbot_ws/install/bumperbot_cpp_examples/share/bumperbot_cpp_examples/package.zsh'
[0.531s] Level 1:colcon.colcon_core.environment:create_file_with_runtime_dependencies(/home/rajitha-niroshan/FYP/Repos/Bumperbot-ros2/bumperbot_ws/install/bumperbot_cpp_examples/share/colcon-core/packages/bumperbot_cpp_examples)
[0.532s] Level 1:colcon.colcon_core.environment:create_environment_scripts_only(bumperbot_cpp_examples)
[0.532s] Level 1:colcon.colcon_core.environment:checking '/home/rajitha-niroshan/FYP/Repos/Bumperbot-ros2/bumperbot_ws/install/bumperbot_cpp_examples' for CMake module files
[0.532s] Level 1:colcon.colcon_core.environment:checking '/home/rajitha-niroshan/FYP/Repos/Bumperbot-ros2/bumperbot_ws/install/bumperbot_cpp_examples' for CMake config files
[0.533s] Level 1:colcon.colcon_core.shell:create_environment_hook('bumperbot_cpp_examples', 'cmake_prefix_path')
[0.533s] INFO:colcon.colcon_core.shell:Creating environment hook '/home/rajitha-niroshan/FYP/Repos/Bumperbot-ros2/bumperbot_ws/install/bumperbot_cpp_examples/share/bumperbot_cpp_examples/hook/cmake_prefix_path.ps1'
[0.533s] INFO:colcon.colcon_core.shell:Creating environment descriptor '/home/rajitha-niroshan/FYP/Repos/Bumperbot-ros2/bumperbot_ws/install/bumperbot_cpp_examples/share/bumperbot_cpp_examples/hook/cmake_prefix_path.dsv'
[0.534s] INFO:colcon.colcon_core.shell:Creating environment hook '/home/rajitha-niroshan/FYP/Repos/Bumperbot-ros2/bumperbot_ws/install/bumperbot_cpp_examples/share/bumperbot_cpp_examples/hook/cmake_prefix_path.sh'
[0.535s] Level 1:colcon.colcon_core.environment:checking '/home/rajitha-niroshan/FYP/Repos/Bumperbot-ros2/bumperbot_ws/install/bumperbot_cpp_examples/bin'
[0.535s] Level 1:colcon.colcon_core.environment:checking '/home/rajitha-niroshan/FYP/Repos/Bumperbot-ros2/bumperbot_ws/install/bumperbot_cpp_examples/lib/pkgconfig/bumperbot_cpp_examples.pc'
[0.535s] Level 1:colcon.colcon_core.environment:checking '/home/rajitha-niroshan/FYP/Repos/Bumperbot-ros2/bumperbot_ws/install/bumperbot_cpp_examples/lib/python3.12/site-packages'
[0.535s] Level 1:colcon.colcon_core.environment:checking '/home/rajitha-niroshan/FYP/Repos/Bumperbot-ros2/bumperbot_ws/install/bumperbot_cpp_examples/bin'
[0.536s] INFO:colcon.colcon_core.shell:Creating package script '/home/rajitha-niroshan/FYP/Repos/Bumperbot-ros2/bumperbot_ws/install/bumperbot_cpp_examples/share/bumperbot_cpp_examples/package.ps1'
[0.536s] INFO:colcon.colcon_core.shell:Creating package descriptor '/home/rajitha-niroshan/FYP/Repos/Bumperbot-ros2/bumperbot_ws/install/bumperbot_cpp_examples/share/bumperbot_cpp_examples/package.dsv'
[0.537s] INFO:colcon.colcon_core.shell:Creating package script '/home/rajitha-niroshan/FYP/Repos/Bumperbot-ros2/bumperbot_ws/install/bumperbot_cpp_examples/share/bumperbot_cpp_examples/package.sh'
[0.538s] INFO:colcon.colcon_core.shell:Creating package script '/home/rajitha-niroshan/FYP/Repos/Bumperbot-ros2/bumperbot_ws/install/bumperbot_cpp_examples/share/bumperbot_cpp_examples/package.bash'
[0.539s] INFO:colcon.colcon_core.shell:Creating package script '/home/rajitha-niroshan/FYP/Repos/Bumperbot-ros2/bumperbot_ws/install/bumperbot_cpp_examples/share/bumperbot_cpp_examples/package.zsh'
[0.539s] Level 1:colcon.colcon_core.environment:create_file_with_runtime_dependencies(/home/rajitha-niroshan/FYP/Repos/Bumperbot-ros2/bumperbot_ws/install/bumperbot_cpp_examples/share/colcon-core/packages/bumperbot_cpp_examples)
[0.541s] Level 1:colcon.colcon_core.environment:create_environment_scripts_only(bumperbot_description)
[0.542s] Level 1:colcon.colcon_core.environment:checking '/home/rajitha-niroshan/FYP/Repos/Bumperbot-ros2/bumperbot_ws/install/bumperbot_description' for CMake module files
[0.543s] DEBUG:colcon.colcon_core.event_handler.log_command:Invoked command in '/home/rajitha-niroshan/FYP/Repos/Bumperbot-ros2/bumperbot_ws/build/bumperbot_description' returned '0': CMAKE_PREFIX_PATH=${CMAKE_PREFIX_PATH}:/opt/ros/jazzy DEBUGINFOD_URLS=https://debuginfod.ubuntu.com /usr/bin/cmake --install /home/rajitha-niroshan/FYP/Repos/Bumperbot-ros2/bumperbot_ws/build/bumperbot_description
[0.543s] Level 1:colcon.colcon_core.environment:checking '/home/rajitha-niroshan/FYP/Repos/Bumperbot-ros2/bumperbot_ws/install/bumperbot_description' for CMake config files
[0.544s] Level 1:colcon.colcon_core.shell:create_environment_hook('bumperbot_description', 'cmake_prefix_path')
[0.544s] INFO:colcon.colcon_core.shell:Creating environment hook '/home/rajitha-niroshan/FYP/Repos/Bumperbot-ros2/bumperbot_ws/install/bumperbot_description/share/bumperbot_description/hook/cmake_prefix_path.ps1'
[0.545s] INFO:colcon.colcon_core.shell:Creating environment descriptor '/home/rajitha-niroshan/FYP/Repos/Bumperbot-ros2/bumperbot_ws/install/bumperbot_description/share/bumperbot_description/hook/cmake_prefix_path.dsv'
[0.546s] INFO:colcon.colcon_core.shell:Creating environment hook '/home/rajitha-niroshan/FYP/Repos/Bumperbot-ros2/bumperbot_ws/install/bumperbot_description/share/bumperbot_description/hook/cmake_prefix_path.sh'
[0.547s] Level 1:colcon.colcon_core.environment:checking '/home/rajitha-niroshan/FYP/Repos/Bumperbot-ros2/bumperbot_ws/install/bumperbot_description/bin'
[0.547s] Level 1:colcon.colcon_core.environment:checking '/home/rajitha-niroshan/FYP/Repos/Bumperbot-ros2/bumperbot_ws/install/bumperbot_description/lib/pkgconfig/bumperbot_description.pc'
[0.547s] Level 1:colcon.colcon_core.environment:checking '/home/rajitha-niroshan/FYP/Repos/Bumperbot-ros2/bumperbot_ws/install/bumperbot_description/lib/python3.12/site-packages'
[0.548s] Level 1:colcon.colcon_core.environment:checking '/home/rajitha-niroshan/FYP/Repos/Bumperbot-ros2/bumperbot_ws/install/bumperbot_description/bin'
[0.548s] INFO:colcon.colcon_core.shell:Creating package script '/home/rajitha-niroshan/FYP/Repos/Bumperbot-ros2/bumperbot_ws/install/bumperbot_description/share/bumperbot_description/package.ps1'
[0.549s] INFO:colcon.colcon_core.shell:Creating package descriptor '/home/rajitha-niroshan/FYP/Repos/Bumperbot-ros2/bumperbot_ws/install/bumperbot_description/share/bumperbot_description/package.dsv'
[0.549s] INFO:colcon.colcon_core.shell:Creating package script '/home/rajitha-niroshan/FYP/Repos/Bumperbot-ros2/bumperbot_ws/install/bumperbot_description/share/bumperbot_description/package.sh'
[0.550s] INFO:colcon.colcon_core.shell:Creating package script '/home/rajitha-niroshan/FYP/Repos/Bumperbot-ros2/bumperbot_ws/install/bumperbot_description/share/bumperbot_description/package.bash'
[0.550s] INFO:colcon.colcon_core.shell:Creating package script '/home/rajitha-niroshan/FYP/Repos/Bumperbot-ros2/bumperbot_ws/install/bumperbot_description/share/bumperbot_description/package.zsh'
[0.550s] Level 1:colcon.colcon_core.environment:create_file_with_runtime_dependencies(/home/rajitha-niroshan/FYP/Repos/Bumperbot-ros2/bumperbot_ws/install/bumperbot_description/share/colcon-core/packages/bumperbot_description)
[0.551s] Level 1:colcon.colcon_core.environment:create_environment_scripts_only(bumperbot_description)
[0.551s] Level 1:colcon.colcon_core.environment:checking '/home/rajitha-niroshan/FYP/Repos/Bumperbot-ros2/bumperbot_ws/install/bumperbot_description' for CMake module files
[0.552s] Level 1:colcon.colcon_core.environment:checking '/home/rajitha-niroshan/FYP/Repos/Bumperbot-ros2/bumperbot_ws/install/bumperbot_description' for CMake config files
[0.552s] Level 1:colcon.colcon_core.shell:create_environment_hook('bumperbot_description', 'cmake_prefix_path')
[0.553s] INFO:colcon.colcon_core.shell:Creating environment hook '/home/rajitha-niroshan/FYP/Repos/Bumperbot-ros2/bumperbot_ws/install/bumperbot_description/share/bumperbot_description/hook/cmake_prefix_path.ps1'
[0.553s] INFO:colcon.colcon_core.shell:Creating environment descriptor '/home/rajitha-niroshan/FYP/Repos/Bumperbot-ros2/bumperbot_ws/install/bumperbot_description/share/bumperbot_description/hook/cmake_prefix_path.dsv'
[0.554s] INFO:colcon.colcon_core.shell:Creating environment hook '/home/rajitha-niroshan/FYP/Repos/Bumperbot-ros2/bumperbot_ws/install/bumperbot_description/share/bumperbot_description/hook/cmake_prefix_path.sh'
[0.554s] Level 1:colcon.colcon_core.environment:checking '/home/rajitha-niroshan/FYP/Repos/Bumperbot-ros2/bumperbot_ws/install/bumperbot_description/bin'
[0.554s] Level 1:colcon.colcon_core.environment:checking '/home/rajitha-niroshan/FYP/Repos/Bumperbot-ros2/bumperbot_ws/install/bumperbot_description/lib/pkgconfig/bumperbot_description.pc'
[0.555s] Level 1:colcon.colcon_core.environment:checking '/home/rajitha-niroshan/FYP/Repos/Bumperbot-ros2/bumperbot_ws/install/bumperbot_description/lib/python3.12/site-packages'
[0.555s] Level 1:colcon.colcon_core.environment:checking '/home/rajitha-niroshan/FYP/Repos/Bumperbot-ros2/bumperbot_ws/install/bumperbot_description/bin'
[0.555s] INFO:colcon.colcon_core.shell:Creating package script '/home/rajitha-niroshan/FYP/Repos/Bumperbot-ros2/bumperbot_ws/install/bumperbot_description/share/bumperbot_description/package.ps1'
[0.556s] INFO:colcon.colcon_core.shell:Creating package descriptor '/home/rajitha-niroshan/FYP/Repos/Bumperbot-ros2/bumperbot_ws/install/bumperbot_description/share/bumperbot_description/package.dsv'
[0.557s] INFO:colcon.colcon_core.shell:Creating package script '/home/rajitha-niroshan/FYP/Repos/Bumperbot-ros2/bumperbot_ws/install/bumperbot_description/share/bumperbot_description/package.sh'
[0.557s] INFO:colcon.colcon_core.shell:Creating package script '/home/rajitha-niroshan/FYP/Repos/Bumperbot-ros2/bumperbot_ws/install/bumperbot_description/share/bumperbot_description/package.bash'
[0.557s] INFO:colcon.colcon_core.shell:Creating package script '/home/rajitha-niroshan/FYP/Repos/Bumperbot-ros2/bumperbot_ws/install/bumperbot_description/share/bumperbot_description/package.zsh'
[0.558s] Level 1:colcon.colcon_core.environment:create_file_with_runtime_dependencies(/home/rajitha-niroshan/FYP/Repos/Bumperbot-ros2/bumperbot_ws/install/bumperbot_description/share/colcon-core/packages/bumperbot_description)
[1.117s] DEBUG:colcon.colcon_core.event_handler.log_command:Invoking command in '/home/rajitha-niroshan/FYP/Repos/Bumperbot-ros2/bumperbot_ws/src/bumperbot_py_examples': DEBUGINFOD_URLS=https://debuginfod.ubuntu.com PYTHONPATH=/home/rajitha-niroshan/FYP/Repos/Bumperbot-ros2/bumperbot_ws/build/bumperbot_py_examples/prefix_override:/usr/lib/python3/dist-packages/colcon_core/task/python/colcon_distutils_commands:/home/rajitha-niroshan/FYP/Repos/Bumperbot-ros2/bumperbot_ws/install/bumperbot_py_examples/lib/python3.12/site-packages:${PYTHONPATH} /usr/bin/python3 -W ignore:setup.py install is deprecated -W ignore:easy_install command is deprecated setup.py egg_info --egg-base ../../build/bumperbot_py_examples build --build-base /home/rajitha-niroshan/FYP/Repos/Bumperbot-ros2/bumperbot_ws/build/bumperbot_py_examples/build install --record /home/rajitha-niroshan/FYP/Repos/Bumperbot-ros2/bumperbot_ws/build/bumperbot_py_examples/install.log --single-version-externally-managed install_data
[1.677s] Level 1:colcon.colcon_core.environment:checking '/home/rajitha-niroshan/FYP/Repos/Bumperbot-ros2/bumperbot_ws/install/bumperbot_py_examples' for CMake module files
[1.678s] DEBUG:colcon.colcon_core.event_handler.log_command:Invoked command in '/home/rajitha-niroshan/FYP/Repos/Bumperbot-ros2/bumperbot_ws/src/bumperbot_py_examples' returned '0': DEBUGINFOD_URLS=https://debuginfod.ubuntu.com PYTHONPATH=/home/rajitha-niroshan/FYP/Repos/Bumperbot-ros2/bumperbot_ws/build/bumperbot_py_examples/prefix_override:/usr/lib/python3/dist-packages/colcon_core/task/python/colcon_distutils_commands:/home/rajitha-niroshan/FYP/Repos/Bumperbot-ros2/bumperbot_ws/install/bumperbot_py_examples/lib/python3.12/site-packages:${PYTHONPATH} /usr/bin/python3 -W ignore:setup.py install is deprecated -W ignore:easy_install command is deprecated setup.py egg_info --egg-base ../../build/bumperbot_py_examples build --build-base /home/rajitha-niroshan/FYP/Repos/Bumperbot-ros2/bumperbot_ws/build/bumperbot_py_examples/build install --record /home/rajitha-niroshan/FYP/Repos/Bumperbot-ros2/bumperbot_ws/build/bumperbot_py_examples/install.log --single-version-externally-managed install_data
[1.679s] Level 1:colcon.colcon_core.environment:checking '/home/rajitha-niroshan/FYP/Repos/Bumperbot-ros2/bumperbot_ws/install/bumperbot_py_examples' for CMake config files
[1.679s] Level 1:colcon.colcon_core.environment:checking '/home/rajitha-niroshan/FYP/Repos/Bumperbot-ros2/bumperbot_ws/install/bumperbot_py_examples/lib'
[1.679s] Level 1:colcon.colcon_core.environment:checking '/home/rajitha-niroshan/FYP/Repos/Bumperbot-ros2/bumperbot_ws/install/bumperbot_py_examples/bin'
[1.679s] Level 1:colcon.colcon_core.environment:checking '/home/rajitha-niroshan/FYP/Repos/Bumperbot-ros2/bumperbot_ws/install/bumperbot_py_examples/lib/pkgconfig/bumperbot_py_examples.pc'
[1.679s] Level 1:colcon.colcon_core.environment:checking '/home/rajitha-niroshan/FYP/Repos/Bumperbot-ros2/bumperbot_ws/install/bumperbot_py_examples/lib/python3.12/site-packages'
[1.680s] Level 1:colcon.colcon_core.shell:create_environment_hook('bumperbot_py_examples', 'pythonpath')
[1.680s] INFO:colcon.colcon_core.shell:Creating environment hook '/home/rajitha-niroshan/FYP/Repos/Bumperbot-ros2/bumperbot_ws/install/bumperbot_py_examples/share/bumperbot_py_examples/hook/pythonpath.ps1'
[1.680s] INFO:colcon.colcon_core.shell:Creating environment descriptor '/home/rajitha-niroshan/FYP/Repos/Bumperbot-ros2/bumperbot_ws/install/bumperbot_py_examples/share/bumperbot_py_examples/hook/pythonpath.dsv'
[1.681s] INFO:colcon.colcon_core.shell:Creating environment hook '/home/rajitha-niroshan/FYP/Repos/Bumperbot-ros2/bumperbot_ws/install/bumperbot_py_examples/share/bumperbot_py_examples/hook/pythonpath.sh'
[1.681s] Level 1:colcon.colcon_core.environment:checking '/home/rajitha-niroshan/FYP/Repos/Bumperbot-ros2/bumperbot_ws/install/bumperbot_py_examples/bin'
[1.681s] Level 1:colcon.colcon_core.environment:create_environment_scripts_only(bumperbot_py_examples)
[1.681s] INFO:colcon.colcon_core.shell:Creating package script '/home/rajitha-niroshan/FYP/Repos/Bumperbot-ros2/bumperbot_ws/install/bumperbot_py_examples/share/bumperbot_py_examples/package.ps1'
[1.682s] INFO:colcon.colcon_core.shell:Creating package descriptor '/home/rajitha-niroshan/FYP/Repos/Bumperbot-ros2/bumperbot_ws/install/bumperbot_py_examples/share/bumperbot_py_examples/package.dsv'
[1.682s] INFO:colcon.colcon_core.shell:Creating package script '/home/rajitha-niroshan/FYP/Repos/Bumperbot-ros2/bumperbot_ws/install/bumperbot_py_examples/share/bumperbot_py_examples/package.sh'
[1.683s] INFO:colcon.colcon_core.shell:Creating package script '/home/rajitha-niroshan/FYP/Repos/Bumperbot-ros2/bumperbot_ws/install/bumperbot_py_examples/share/bumperbot_py_examples/package.bash'
[1.683s] INFO:colcon.colcon_core.shell:Creating package script '/home/rajitha-niroshan/FYP/Repos/Bumperbot-ros2/bumperbot_ws/install/bumperbot_py_examples/share/bumperbot_py_examples/package.zsh'
[1.683s] Level 1:colcon.colcon_core.environment:create_file_with_runtime_dependencies(/home/rajitha-niroshan/FYP/Repos/Bumperbot-ros2/bumperbot_ws/install/bumperbot_py_examples/share/colcon-core/packages/bumperbot_py_examples)
[1.683s] DEBUG:colcon.colcon_parallel_executor.executor.parallel:closing loop
[1.684s] DEBUG:colcon.colcon_parallel_executor.executor.parallel:loop closed
[1.684s] DEBUG:colcon.colcon_parallel_executor.executor.parallel:run_until_complete finished with '0'
[1.684s] DEBUG:colcon.colcon_core.event_reactor:joining thread
[1.690s] INFO:colcon.colcon_core.plugin_system:Skipping extension 'colcon_notification.desktop_notification.terminal_notifier': Not used on non-Darwin systems
[1.690s] INFO:colcon.colcon_core.plugin_system:Skipping extension 'colcon_notification.desktop_notification.win32': Not used on non-Windows systems
[1.690s] INFO:colcon.colcon_notification.desktop_notification:Sending desktop notification using 'notify2'
[1.705s] DEBUG:colcon.colcon_core.event_reactor:joined thread
[1.705s] INFO:colcon.colcon_core.shell:Creating prefix script '/home/rajitha-niroshan/FYP/Repos/Bumperbot-ros2/bumperbot_ws/install/local_setup.ps1'
[1.706s] INFO:colcon.colcon_core.shell:Creating prefix util module '/home/rajitha-niroshan/FYP/Repos/Bumperbot-ros2/bumperbot_ws/install/_local_setup_util_ps1.py'
[1.708s] INFO:colcon.colcon_core.shell:Creating prefix chain script '/home/rajitha-niroshan/FYP/Repos/Bumperbot-ros2/bumperbot_ws/install/setup.ps1'
[1.709s] INFO:colcon.colcon_core.shell:Creating prefix script '/home/rajitha-niroshan/FYP/Repos/Bumperbot-ros2/bumperbot_ws/install/local_setup.sh'
[1.710s] INFO:colcon.colcon_core.shell:Creating prefix util module '/home/rajitha-niroshan/FYP/Repos/Bumperbot-ros2/bumperbot_ws/install/_local_setup_util_sh.py'
[1.711s] INFO:colcon.colcon_core.shell:Creating prefix chain script '/home/rajitha-niroshan/FYP/Repos/Bumperbot-ros2/bumperbot_ws/install/setup.sh'
[1.712s] INFO:colcon.colcon_core.shell:Creating prefix script '/home/rajitha-niroshan/FYP/Repos/Bumperbot-ros2/bumperbot_ws/install/local_setup.bash'
[1.713s] INFO:colcon.colcon_core.shell:Creating prefix chain script '/home/rajitha-niroshan/FYP/Repos/Bumperbot-ros2/bumperbot_ws/install/setup.bash'
[1.714s] INFO:colcon.colcon_core.shell:Creating prefix script '/home/rajitha-niroshan/FYP/Repos/Bumperbot-ros2/bumperbot_ws/install/local_setup.zsh'
[1.715s] INFO:colcon.colcon_core.shell:Creating prefix chain script '/home/rajitha-niroshan/FYP/Repos/Bumperbot-ros2/bumperbot_ws/install/setup.zsh'
