[0.881s] Invoking command in '/home/rajitha-niroshan/FYP/Repos/Bumperbot-ros2/bumperbot_ws/src/bumperbot_py_examples': DEBUGINFOD_URLS=https://debuginfod.ubuntu.com PYTHONPATH=/home/rajitha-niroshan/FYP/Repos/Bumperbot-ros2/bumperbot_ws/build/bumperbot_py_examples/prefix_override:/usr/lib/python3/dist-packages/colcon_core/task/python/colcon_distutils_commands:/home/rajitha-niroshan/FYP/Repos/Bumperbot-ros2/bumperbot_ws/install/bumperbot_py_examples/lib/python3.12/site-packages:${PYTHONPATH} /usr/bin/python3 -W ignore:setup.py install is deprecated -W ignore:easy_install command is deprecated setup.py egg_info --egg-base ../../build/bumperbot_py_examples build --build-base /home/rajitha-niroshan/FYP/Repos/Bumperbot-ros2/bumperbot_ws/build/bumperbot_py_examples/build install --record /home/rajitha-niroshan/FYP/Repos/Bumperbot-ros2/bumperbot_ws/build/bumperbot_py_examples/install.log --single-version-externally-managed install_data
[1.169s] running egg_info
[1.189s] writing ../../build/bumperbot_py_examples/bumperbot_py_examples.egg-info/PKG-INFO
[1.189s] writing dependency_links to ../../build/bumperbot_py_examples/bumperbot_py_examples.egg-info/dependency_links.txt
[1.190s] writing entry points to ../../build/bumperbot_py_examples/bumperbot_py_examples.egg-info/entry_points.txt
[1.190s] writing requirements to ../../build/bumperbot_py_examples/bumperbot_py_examples.egg-info/requires.txt
[1.190s] writing top-level names to ../../build/bumperbot_py_examples/bumperbot_py_examples.egg-info/top_level.txt
[1.232s] reading manifest file '../../build/bumperbot_py_examples/bumperbot_py_examples.egg-info/SOURCES.txt'
[1.233s] writing manifest file '../../build/bumperbot_py_examples/bumperbot_py_examples.egg-info/SOURCES.txt'
[1.234s] running build
[1.234s] running build_py
[1.234s] running install
[1.240s] running install_lib
[1.261s] running install_data
[1.261s] running install_egg_info
[1.281s] removing '/home/rajitha-niroshan/FYP/Repos/Bumperbot-ros2/bumperbot_ws/install/bumperbot_py_examples/lib/python3.12/site-packages/bumperbot_py_examples-0.0.0-py3.12.egg-info' (and everything under it)
[1.281s] Copying ../../build/bumperbot_py_examples/bumperbot_py_examples.egg-info to /home/rajitha-niroshan/FYP/Repos/Bumperbot-ros2/bumperbot_ws/install/bumperbot_py_examples/lib/python3.12/site-packages/bumperbot_py_examples-0.0.0-py3.12.egg-info
[1.282s] running install_scripts
[1.418s] Installing simple_parameter script to /home/rajitha-niroshan/FYP/Repos/Bumperbot-ros2/bumperbot_ws/install/bumperbot_py_examples/lib/bumperbot_py_examples
[1.418s] Installing simple_publisher script to /home/rajitha-niroshan/FYP/Repos/Bumperbot-ros2/bumperbot_ws/install/bumperbot_py_examples/lib/bumperbot_py_examples
[1.418s] Installing simple_subscriber script to /home/rajitha-niroshan/FYP/Repos/Bumperbot-ros2/bumperbot_ws/install/bumperbot_py_examples/lib/bumperbot_py_examples
[1.418s] writing list of installed files to '/home/rajitha-niroshan/FYP/Repos/Bumperbot-ros2/bumperbot_ws/build/bumperbot_py_examples/install.log'
[1.446s] Invoked command in '/home/rajitha-niroshan/FYP/Repos/Bumperbot-ros2/bumperbot_ws/src/bumperbot_py_examples' returned '0': DEBUGINFOD_URLS=https://debuginfod.ubuntu.com PYTHONPATH=/home/rajitha-niroshan/FYP/Repos/Bumperbot-ros2/bumperbot_ws/build/bumperbot_py_examples/prefix_override:/usr/lib/python3/dist-packages/colcon_core/task/python/colcon_distutils_commands:/home/rajitha-niroshan/FYP/Repos/Bumperbot-ros2/bumperbot_ws/install/bumperbot_py_examples/lib/python3.12/site-packages:${PYTHONPATH} /usr/bin/python3 -W ignore:setup.py install is deprecated -W ignore:easy_install command is deprecated setup.py egg_info --egg-base ../../build/bumperbot_py_examples build --build-base /home/rajitha-niroshan/FYP/Repos/Bumperbot-ros2/bumperbot_ws/build/bumperbot_py_examples/build install --record /home/rajitha-niroshan/FYP/Repos/Bumperbot-ros2/bumperbot_ws/build/bumperbot_py_examples/install.log --single-version-externally-managed install_data
