[0.658s] Invoking command in '/home/rajitha-niroshan/FYP/Repos/Bumperbot-ros2/bumperbot_ws/src/bumperbot_py_examples': DEBUGINFOD_URLS=https://debuginfod.ubuntu.com PYTHONPATH=/home/rajitha-niroshan/FYP/Repos/Bumperbot-ros2/bumperbot_ws/build/bumperbot_py_examples/prefix_override:/usr/lib/python3/dist-packages/colcon_core/task/python/colcon_distutils_commands:/home/rajitha-niroshan/FYP/Repos/Bumperbot-ros2/bumperbot_ws/install/bumperbot_py_examples/lib/python3.12/site-packages:${PYTHONPATH} /usr/bin/python3 -W ignore:setup.py install is deprecated -W ignore:easy_install command is deprecated setup.py egg_info --egg-base ../../build/bumperbot_py_examples build --build-base /home/rajitha-niroshan/FYP/Repos/Bumperbot-ros2/bumperbot_ws/build/bumperbot_py_examples/build install --record /home/rajitha-niroshan/FYP/Repos/Bumperbot-ros2/bumperbot_ws/build/bumperbot_py_examples/install.log --single-version-externally-managed install_data
[0.863s] running egg_info
[0.878s] writing ../../build/bumperbot_py_examples/bumperbot_py_examples.egg-info/PKG-INFO
[0.878s] writing dependency_links to ../../build/bumperbot_py_examples/bumperbot_py_examples.egg-info/dependency_links.txt
[0.878s] writing entry points to ../../build/bumperbot_py_examples/bumperbot_py_examples.egg-info/entry_points.txt
[0.879s] writing requirements to ../../build/bumperbot_py_examples/bumperbot_py_examples.egg-info/requires.txt
[0.879s] writing top-level names to ../../build/bumperbot_py_examples/bumperbot_py_examples.egg-info/top_level.txt
[0.911s] reading manifest file '../../build/bumperbot_py_examples/bumperbot_py_examples.egg-info/SOURCES.txt'
[0.912s] writing manifest file '../../build/bumperbot_py_examples/bumperbot_py_examples.egg-info/SOURCES.txt'
[0.912s] running build
[0.912s] running build_py
[0.912s] running install
[0.917s] running install_lib
[0.933s] running install_data
[0.933s] running install_egg_info
[0.951s] removing '/home/rajitha-niroshan/FYP/Repos/Bumperbot-ros2/bumperbot_ws/install/bumperbot_py_examples/lib/python3.12/site-packages/bumperbot_py_examples-0.0.0-py3.12.egg-info' (and everything under it)
[0.951s] Copying ../../build/bumperbot_py_examples/bumperbot_py_examples.egg-info to /home/rajitha-niroshan/FYP/Repos/Bumperbot-ros2/bumperbot_ws/install/bumperbot_py_examples/lib/python3.12/site-packages/bumperbot_py_examples-0.0.0-py3.12.egg-info
[0.951s] running install_scripts
[1.054s] Installing simple_parameter script to /home/rajitha-niroshan/FYP/Repos/Bumperbot-ros2/bumperbot_ws/install/bumperbot_py_examples/lib/bumperbot_py_examples
[1.054s] Installing simple_publisher script to /home/rajitha-niroshan/FYP/Repos/Bumperbot-ros2/bumperbot_ws/install/bumperbot_py_examples/lib/bumperbot_py_examples
[1.054s] Installing simple_subscriber script to /home/rajitha-niroshan/FYP/Repos/Bumperbot-ros2/bumperbot_ws/install/bumperbot_py_examples/lib/bumperbot_py_examples
[1.054s] writing list of installed files to '/home/rajitha-niroshan/FYP/Repos/Bumperbot-ros2/bumperbot_ws/build/bumperbot_py_examples/install.log'
[1.079s] Invoked command in '/home/rajitha-niroshan/FYP/Repos/Bumperbot-ros2/bumperbot_ws/src/bumperbot_py_examples' returned '0': DEBUGINFOD_URLS=https://debuginfod.ubuntu.com PYTHONPATH=/home/rajitha-niroshan/FYP/Repos/Bumperbot-ros2/bumperbot_ws/build/bumperbot_py_examples/prefix_override:/usr/lib/python3/dist-packages/colcon_core/task/python/colcon_distutils_commands:/home/rajitha-niroshan/FYP/Repos/Bumperbot-ros2/bumperbot_ws/install/bumperbot_py_examples/lib/python3.12/site-packages:${PYTHONPATH} /usr/bin/python3 -W ignore:setup.py install is deprecated -W ignore:easy_install command is deprecated setup.py egg_info --egg-base ../../build/bumperbot_py_examples build --build-base /home/rajitha-niroshan/FYP/Repos/Bumperbot-ros2/bumperbot_ws/build/bumperbot_py_examples/build install --record /home/rajitha-niroshan/FYP/Repos/Bumperbot-ros2/bumperbot_ws/build/bumperbot_py_examples/install.log --single-version-externally-managed install_data
